<?xml version="1.0" encoding="UTF-8"?>
<testsuite name="FirstSpecification" tests="10" skipped="0" failures="0" errors="0" timestamp="2023-10-26T10:55:26" hostname="DESKTOP-KS64AQP" time="0.73">
  <properties/>
  <testcase name="one plus one should equal two" classname="FirstSpecification" time="0.473"/>
  <testcase name="two plus two should equal four" classname="FirstSpecification" time="0.004"/>
  <testcase name="Should be able to remove from list" classname="FirstSpecification" time="0.071"/>
  <testcase name="Should get an index out of bounds when removing a nonexistent item" classname="FirstSpecification" time="0.01"/>
  <testcase name="numbers to the power of two [a: 1, b: 2, c: 1, #0]" classname="FirstSpecification" time="0.017"/>
  <testcase name="numbers to the power of two [a: 2, b: 2, c: 4, #1]" classname="FirstSpecification" time="0.0"/>
  <testcase name="numbers to the power of two [a: 3, b: 2, c: 9, #2]" classname="FirstSpecification" time="0.001"/>
  <testcase name="distinct_bug_8726" classname="FirstSpecification" time="0.125"/>
  <testcase name="always true" classname="FirstSpecification" time="0.005"/>
  <testcase name="diferences" classname="FirstSpecification" time="0.003"/>
  <system-out><![CDATA[]]></system-out>
  <system-err><![CDATA[]]></system-err>
</testsuite>
