<?xml version="1.0" encoding="UTF-8"?>
<testsuite name="com.aor.numbers.PositiveFilterTest" tests="1" skipped="0" failures="0" errors="0" timestamp="2023-10-19T11:29:19" hostname="DESKTOP-KS64AQP" time="0.002">
  <properties/>
  <testcase name="accept()" classname="com.aor.numbers.PositiveFilterTest" time="0.002"/>
  <system-out><![CDATA[]]></system-out>
  <system-err><![CDATA[]]></system-err>
</testsuite>
