<?xml version="1.0" encoding="UTF-8"?>
<testsuite name="com.aor.numbers.ListSorterTest" tests="2" skipped="0" failures="0" errors="0" timestamp="2023-10-19T11:29:19" hostname="DESKTOP-KS64AQP" time="0.005">
  <properties/>
  <testcase name="sorttesting()" classname="com.aor.numbers.ListSorterTest" time="0.002"/>
  <testcase name="sort()" classname="com.aor.numbers.ListSorterTest" time="0.001"/>
  <system-out><![CDATA[]]></system-out>
  <system-err><![CDATA[]]></system-err>
</testsuite>
